[14781:14817:1002/095929.588040:ERROR:browser_gpu_channel_host_factory.cc(103)] Failed to launch GPU process.
Created new window in existing browser session.
[14937:14973:1002/100000.600742:ERROR:browser_gpu_channel_host_factory.cc(103)] Failed to launch GPU process.
Created new window in existing browser session.
[15021:15057:1002/100100.823318:ERROR:browser_gpu_channel_host_factory.cc(103)] Failed to launch GPU process.
Created new window in existing browser session.
[16483:16519:1002/110802.618609:ERROR:connection_factory_impl.cc(386)] Failed to connect to MCS endpoint with error -118
[17651:17687:1002/113209.064043:ERROR:browser_gpu_channel_host_factory.cc(103)] Failed to launch GPU process.
Created new window in existing browser session.
[16483:16519:1002/113954.042803:ERROR:connection_factory_impl.cc(386)] Failed to connect to MCS endpoint with error -118
[16483:16519:1002/114850.618906:ERROR:connection_factory_impl.cc(386)] Failed to connect to MCS endpoint with error -118
[16483:16519:1002/115702.238928:ERROR:connection_factory_impl.cc(386)] Failed to connect to MCS endpoint with error -106
[16550:16550:1002/121111.350095:ERROR:gles2_cmd_decoder.cc(16045)] Onscreen context lost via ARB/EXT_robustness. Reset status = GL_GUILTY_CONTEXT_RESET_KHR
[16550:16550:1002/121111.461492:ERROR:gles2_cmd_decoder.cc(4337)]   GLES2DecoderImpl: Context reset detected after MakeCurrent.
[16550:16550:1002/121111.461574:ERROR:gpu_channel_manager.cc(188)] Exiting GPU process because some drivers cannot recover from problems.
[16550:16550:1002/121111.461599:ERROR:gpu_channel_manager.cc(188)] Exiting GPU process because some drivers cannot recover from problems.
[16483:16483:1002/121111.481622:ERROR:gpu_process_transport_factory.cc(930)] Lost UI shared context.
[16483:16519:1002/121342.806655:ERROR:connection_factory_impl.cc(386)] Failed to connect to MCS endpoint with error -118
[16483:16519:1002/121959.121618:ERROR:connection_factory_impl.cc(386)] Failed to connect to MCS endpoint with error -106
[18909:18909:1002/122014.209789:ERROR:gles2_cmd_decoder.cc(16045)] Onscreen context lost via ARB/EXT_robustness. Reset status = GL_GUILTY_CONTEXT_RESET_KHR
[18909:18909:1002/122014.210095:ERROR:gles2_cmd_decoder.cc(4337)]   GLES2DecoderImpl: Context reset detected after MakeCurrent.
[18909:18909:1002/122014.210225:ERROR:gpu_channel_manager.cc(188)] Exiting GPU process because some drivers cannot recover from problems.
[18909:18909:1002/122014.210266:ERROR:gpu_channel_manager.cc(188)] Exiting GPU process because some drivers cannot recover from problems.
[16483:16483:1002/122014.252738:ERROR:gpu_process_transport_factory.cc(930)] Lost UI shared context.
[16483:16519:1002/122037.923095:ERROR:connection_factory_impl.cc(386)] Failed to connect to MCS endpoint with error -106
[16483:16519:1002/125752.777719:ERROR:connection_factory_impl.cc(386)] Failed to connect to MCS endpoint with error -200
[16483:16519:1002/130055.554762:ERROR:connection_factory_impl.cc(386)] Failed to connect to MCS endpoint with error -118
[16483:16483:1002/130210.893636:ERROR:gcm_channel_status_request.cc(127)] GCM channel request failed.
[16483:16519:1002/130227.005391:ERROR:connection_factory_impl.cc(386)] Failed to connect to MCS endpoint with error -200
[16483:16483:1002/130235.111357:ERROR:gcm_channel_status_request.cc(127)] GCM channel request failed.
[16483:16483:1002/130331.061446:ERROR:gcm_channel_status_request.cc(127)] GCM channel request failed.
[16483:16483:1002/130457.015465:ERROR:gcm_channel_status_request.cc(127)] GCM channel request failed.
[16483:16519:1002/130512.066469:ERROR:connection_factory_impl.cc(386)] Failed to connect to MCS endpoint with error -118
[16483:16519:1002/130554.735566:ERROR:connection_factory_impl.cc(386)] Failed to connect to MCS endpoint with error -106
[16483:16519:1002/130734.879525:ERROR:connection_factory_impl.cc(386)] Failed to connect to MCS endpoint with error -21
[16483:16519:1002/130737.624895:ERROR:connection_factory_impl.cc(386)] Failed to connect to MCS endpoint with error -200
[16483:16707:1002/130802.047310:ERROR:get_updates_processor.cc(244)] PostClientToServerMessage() failed during GetUpdates
[16483:16707:1002/130840.965272:ERROR:get_updates_processor.cc(244)] PostClientToServerMessage() failed during GetUpdates
[16483:16707:1002/130842.155736:ERROR:get_updates_processor.cc(244)] PostClientToServerMessage() failed during GetUpdates
[16483:16483:1002/130859.603322:ERROR:navigation_entry_screenshot_manager.cc(134)] Invalid entry with unique id: 223
[16483:16519:1002/131047.662622:ERROR:connection_factory_impl.cc(386)] Failed to connect to MCS endpoint with error -118
[16483:16519:1002/131456.878758:ERROR:connection_factory_impl.cc(386)] Failed to connect to MCS endpoint with error -118
[19684:19684:1002/132054.312031:ERROR:gles2_cmd_decoder.cc(16045)] Offscreen context lost via ARB/EXT_robustness. Reset status = GL_INNOCENT_CONTEXT_RESET_KHR
[19684:19684:1002/132054.312107:ERROR:gles2_cmd_decoder.cc(5332)] Error: 5 for Command kBindTexImage2DCHROMIUM
[19684:19684:1002/132054.312155:ERROR:gpu_channel_manager.cc(188)] Exiting GPU process because some drivers cannot recover from problems.
[16483:16483:1002/132054.349396:ERROR:gpu_process_transport_factory.cc(930)] Lost UI shared context.
[4573:4609:1002/215321.458138:ERROR:browser_gpu_channel_host_factory.cc(103)] Failed to launch GPU process.
Created new window in existing browser session.
